Determining if the pthread_create exist failed with the following output:
Change Dir: /data/working/ElasticFusion/ElasticFusion/Core/build/CMakeFiles/CMakeTmp

Run Build Command:"/usr/bin/make" "cmTC_809ac/fast"
/usr/bin/make -f CMakeFiles/cmTC_809ac.dir/build.make CMakeFiles/cmTC_809ac.dir/build
make[1]: Entering directory '/data/working/ElasticFusion/ElasticFusion/Core/build/CMakeFiles/CMakeTmp'
Building C object CMakeFiles/cmTC_809ac.dir/CheckSymbolExists.c.o
/usr/bin/cc   -fPIC    -o CMakeFiles/cmTC_809ac.dir/CheckSymbolExists.c.o   -c /data/working/ElasticFusion/ElasticFusion/Core/build/CMakeFiles/CMakeTmp/CheckSymbolExists.c
Linking C executable cmTC_809ac
/usr/local/bin/cmake -E cmake_link_script CMakeFiles/cmTC_809ac.dir/link.txt --verbose=1
/usr/bin/cc -fPIC     -rdynamic CMakeFiles/cmTC_809ac.dir/CheckSymbolExists.c.o  -o cmTC_809ac 
CMakeFiles/cmTC_809ac.dir/CheckSymbolExists.c.o: In function `main':
CheckSymbolExists.c:(.text+0x1b): undefined reference to `pthread_create'
collect2: error: ld returned 1 exit status
CMakeFiles/cmTC_809ac.dir/build.make:86: recipe for target 'cmTC_809ac' failed
make[1]: *** [cmTC_809ac] Error 1
make[1]: Leaving directory '/data/working/ElasticFusion/ElasticFusion/Core/build/CMakeFiles/CMakeTmp'
Makefile:121: recipe for target 'cmTC_809ac/fast' failed
make: *** [cmTC_809ac/fast] Error 2

File /data/working/ElasticFusion/ElasticFusion/Core/build/CMakeFiles/CMakeTmp/CheckSymbolExists.c:
/* */
#include <pthread.h>

int main(int argc, char** argv)
{
  (void)argv;
#ifndef pthread_create
  return ((int*)(&pthread_create))[argc];
#else
  (void)argc;
  return 0;
#endif
}

Determining if the function pthread_create exists in the pthreads failed with the following output:
Change Dir: /data/working/ElasticFusion/ElasticFusion/Core/build/CMakeFiles/CMakeTmp

Run Build Command:"/usr/bin/make" "cmTC_59e9f/fast"
/usr/bin/make -f CMakeFiles/cmTC_59e9f.dir/build.make CMakeFiles/cmTC_59e9f.dir/build
make[1]: Entering directory '/data/working/ElasticFusion/ElasticFusion/Core/build/CMakeFiles/CMakeTmp'
Building C object CMakeFiles/cmTC_59e9f.dir/CheckFunctionExists.c.o
/usr/bin/cc   -fPIC -DCHECK_FUNCTION_EXISTS=pthread_create   -o CMakeFiles/cmTC_59e9f.dir/CheckFunctionExists.c.o   -c /usr/local/share/cmake-3.13/Modules/CheckFunctionExists.c
Linking C executable cmTC_59e9f
/usr/local/bin/cmake -E cmake_link_script CMakeFiles/cmTC_59e9f.dir/link.txt --verbose=1
/usr/bin/cc -fPIC -DCHECK_FUNCTION_EXISTS=pthread_create    -rdynamic CMakeFiles/cmTC_59e9f.dir/CheckFunctionExists.c.o  -o cmTC_59e9f -lpthreads 
/usr/bin/ld: cannot find -lpthreads
collect2: error: ld returned 1 exit status
CMakeFiles/cmTC_59e9f.dir/build.make:86: recipe for target 'cmTC_59e9f' failed
make[1]: *** [cmTC_59e9f] Error 1
make[1]: Leaving directory '/data/working/ElasticFusion/ElasticFusion/Core/build/CMakeFiles/CMakeTmp'
Makefile:121: recipe for target 'cmTC_59e9f/fast' failed
make: *** [cmTC_59e9f/fast] Error 2


